<?xml version="1.0" encoding="UTF-8"?>
<!-- Generated by org.testng.reporters.JUnitReportReporter -->
<testsuite hostname="DESKTOP-ALM9EO1" failures="0" tests="4" name="tests.LoginTest" time="11.201" errors="0" timestamp="12 Jun 2023 21:18:12 GMT">
  <testcase classname="tests.LoginTest" name="emptyUsernameCredentialsValidation" time="3.342"/>
  <testcase classname="tests.LoginTest" name="verifyUnsuccessfulLoginWithInvalidCredentials" time="3.237"/>
  <testcase classname="tests.LoginTest" name="emptyPasswordCredentialsValidation" time="3.146"/>
  <testcase classname="tests.LoginTest" name="verifySuccessfulLogin" time="1.476"/>
</testsuite> <!-- tests.LoginTest -->
