<?xml version="1.0" encoding="UTF-8"?>
<!-- Generated by org.testng.reporters.JUnitReportReporter -->
<testsuite hostname="DESKTOP-ALM9EO1" failures="0" tests="1" name="tests.AboutTest" time="5.229" errors="0" timestamp="12 Jun 2023 21:18:12 GMT">
  <testcase classname="tests.AboutTest" name="verifySuccessfulNavigationToAboutPage" time="5.229"/>
</testsuite> <!-- tests.AboutTest -->
