<?xml version="1.0" encoding="UTF-8"?>
<!-- Generated by org.testng.reporters.JUnitReportReporter -->
<testsuite hostname="DESKTOP-ALM9EO1" failures="0" tests="4" name="tests.CartTest" time="20.044" errors="0" timestamp="12 Jun 2023 21:18:12 GMT">
  <testcase classname="tests.CartTest" name="successfullyRemoveFromCart" time="4.754"/>
  <testcase classname="tests.CartTest" name="successfullyContinueShopping" time="5.688"/>
  <testcase classname="tests.CartTest" name="successfullyAddToCart" time="2.877"/>
  <testcase classname="tests.CartTest" name="itemsRemainedAddedToCartAfterLogoutLogin" time="6.725"/>
</testsuite> <!-- tests.CartTest -->
