<?xml version="1.0" encoding="UTF-8"?>
<!-- Generated by org.testng.reporters.JUnitReportReporter -->
<testsuite hostname="DESKTOP-ALM9EO1" failures="0" tests="1" name="tests.ProductsTest" time="2.722" errors="0" timestamp="7 Jun 2023 09:41:39 GMT">
  <testcase classname="tests.ProductsTest" name="verifyProductsInfoPage" time="2.722"/>
</testsuite> <!-- tests.ProductsTest -->
