<?xml version="1.0" encoding="UTF-8"?>
<!-- Generated by org.testng.reporters.JUnitReportReporter -->
<testsuite hostname="DESKTOP-ALM9EO1" failures="0" tests="5" name="tests.CheckoutTest" time="25.978" errors="0" timestamp="7 Jun 2023 09:41:39 GMT">
  <testcase classname="tests.CheckoutTest" name="SuccessfullyCheckout" time="3.660"/>
  <testcase classname="tests.CheckoutTest" name="checkoutInfoEmptyZipPostalCodeCredentialsValidation" time="5.264"/>
  <testcase classname="tests.CheckoutTest" name="checkoutInfoEmptyFirstNameCredentialsValidation" time="5.328"/>
  <testcase classname="tests.CheckoutTest" name="cancelCheckout" time="6.389"/>
  <testcase classname="tests.CheckoutTest" name="checkoutInfoEmptyLastNameCredentialsValidation" time="5.337"/>
</testsuite> <!-- tests.CheckoutTest -->
