<?xml version="1.0" encoding="UTF-8"?>
<!-- Generated by org.testng.reporters.JUnitReportReporter -->
<testsuite hostname="DESKTOP-ALM9EO1" failures="0" tests="4" name="tests.CartTest" time="19.724" errors="0" timestamp="7 Jun 2023 09:41:39 GMT">
  <testcase classname="tests.CartTest" name="successfullyRemoveFromCart" time="4.801"/>
  <testcase classname="tests.CartTest" name="successfullyContinueShopping" time="5.570"/>
  <testcase classname="tests.CartTest" name="successfullyAddToCart" time="2.742"/>
  <testcase classname="tests.CartTest" name="itemsRemainedAddedToCartAfterLogoutLogin" time="6.611"/>
</testsuite> <!-- tests.CartTest -->
