<?xml version="1.0" encoding="UTF-8"?>
<!-- Generated by org.testng.reporters.JUnitReportReporter -->
<testsuite hostname="DESKTOP-ALM9EO1" failures="0" tests="5" name="tests.CheckoutTest" time="24.104" errors="0" timestamp="12 Jun 2023 21:18:12 GMT">
  <testcase classname="tests.CheckoutTest" name="SuccessfullyCheckout" time="3.324"/>
  <testcase classname="tests.CheckoutTest" name="checkoutInfoEmptyZipPostalCodeCredentialsValidation" time="4.980"/>
  <testcase classname="tests.CheckoutTest" name="checkoutInfoEmptyFirstNameCredentialsValidation" time="4.761"/>
  <testcase classname="tests.CheckoutTest" name="cancelCheckout" time="5.762"/>
  <testcase classname="tests.CheckoutTest" name="checkoutInfoEmptyLastNameCredentialsValidation" time="5.277"/>
</testsuite> <!-- tests.CheckoutTest -->
