<?xml version="1.0" encoding="UTF-8"?>
<!-- Generated by org.testng.reporters.JUnitReportReporter -->
<testsuite hostname="DESKTOP-ALM9EO1" failures="0" tests="4" name="tests.LoginTest" time="11.202" errors="0" timestamp="7 Jun 2023 09:41:39 GMT">
  <testcase classname="tests.LoginTest" name="emptyUsernameCredentialsValidation" time="3.353"/>
  <testcase classname="tests.LoginTest" name="verifyUnsuccessfulLoginWithInvalidCredentials" time="3.195"/>
  <testcase classname="tests.LoginTest" name="emptyPasswordCredentialsValidation" time="3.189"/>
  <testcase classname="tests.LoginTest" name="verifySuccessfulLogin" time="1.465"/>
</testsuite> <!-- tests.LoginTest -->
