<?xml version="1.0" encoding="UTF-8"?>
<!-- Generated by org.testng.reporters.JUnitReportReporter -->
<testsuite hostname="DESKTOP-ALM9EO1" failures="0" tests="1" name="tests.FooterNavigationTest" time="5.361" errors="0" timestamp="12 Jun 2023 21:18:12 GMT">
  <testcase classname="tests.FooterNavigationTest" name="verifyFooterNavigationFunctionality" time="5.361"/>
</testsuite> <!-- tests.FooterNavigationTest -->
